<?xml version="1.0" encoding="UTF-8"?>
<!-- Generated by org.testng.reporters.JUnitReportReporter -->
<testsuite hostname="Nidhins-MacBook-Air.local" failures="0" tests="2" name="testNG_Programs.FirstProgram" time="66.441" errors="0" timestamp="2025-03-04T11:16:02 IST" skipped="1">
  <testcase classname="testNG_Programs.FirstProgram" name="verifyTheExactPageIsOpensWhileHittingTheURL" time="66.441"/>
  <testcase classname="testNG_Programs.FirstProgram" name="verifyTheLogoIsDisplayedOrNot">
    <skipped/>
  </testcase> <!-- verifyTheLogoIsDisplayedOrNot -->
</testsuite> <!-- testNG_Programs.FirstProgram -->
