<?xml version="1.0" encoding="UTF-8"?>
<!-- Generated by org.testng.reporters.JUnitReportReporter -->
<testsuite hostname="Nidhins-MacBook-Air.local" failures="0" tests="3" name="testNG_Programs.AnnotationHierarchy" time="0.013" errors="0" timestamp="2025-03-04T10:30:40 IST" skipped="0">
  <testcase classname="testNG_Programs.AnnotationHierarchy" name="testCase3" time="0.001"/>
  <testcase classname="testNG_Programs.AnnotationHierarchy" name="testCase1" time="0.010"/>
  <testcase classname="testNG_Programs.AnnotationHierarchy" name="testCase2" time="0.002"/>
</testsuite> <!-- testNG_Programs.AnnotationHierarchy -->
