<?xml version="1.0" encoding="UTF-8"?>
<!-- Generated by org.testng.reporters.JUnitReportReporter -->
<testsuite hostname="Nidhins-MacBook-Air.local" failures="0" tests="6" name="testNG_Assignment.Assig1Q2" time="67.611" errors="0" timestamp="2025-03-05T13:19:41 IST" skipped="0">
  <testcase classname="testNG_Assignment.Assig1Q2" name="verifyThe_exactAppOpens_whileHittingTheUrl" time="10.171"/>
  <testcase classname="testNG_Assignment.Assig1Q2" name="verify_LogoIsDisplayedOrNot_inLoginPage" time="10.635"/>
  <testcase classname="testNG_Assignment.Assig1Q2" name="verify_successfulLogin" time="11.622"/>
  <testcase classname="testNG_Assignment.Assig1Q2" name="verifyUnsuccessfulLoginByUsing_InvalidUsernameAndValidPassword" time="10.838"/>
  <testcase classname="testNG_Assignment.Assig1Q2" name="verifyUnsuccessfulLoginByUsing_validUsernameAndInValidPassword" time="13.823"/>
  <testcase classname="testNG_Assignment.Assig1Q2" name="verifyUnsuccessfulLoginByUsing_validUsernameAndValidPassword" time="10.522"/>
</testsuite> <!-- testNG_Assignment.Assig1Q2 -->
