<?xml version="1.0" encoding="UTF-8"?>
<!-- Generated by org.testng.reporters.JUnitReportReporter -->
<testsuite hostname="Nidhins-MacBook-Air.local" failures="0" tests="6" name="testNG_Assignment.Assig1Q1" time="0.174" errors="0" timestamp="2025-03-05T13:42:20 IST" skipped="1">
  <testcase classname="testNG_Assignment.Assig1Q1" name="verifyThe_url_ofThePAge" time="0.018"/>
  <testcase classname="testNG_Assignment.Assig1Q1" name="verifyThe_title_ofThePage" time="0.005"/>
  <testcase classname="testNG_Assignment.Assig1Q1" name="verifyThe_CountOfRadioButtons_displayedOnThePage" time="0.023"/>
  <testcase classname="testNG_Assignment.Assig1Q1" name="verifyThe_CountOfButtons_displayedOnPage" time="0.009"/>
  <testcase classname="testNG_Assignment.Assig1Q1" name="verify_NoRadioButtonIsSelectedOrNot_afterClickingOnIt" time="0.119"/>
  <testcase classname="testNG_Assignment.Assig1Q1" name="verify_YesRadioButtonIsDeselected_byDefault">
    <skipped/>
  </testcase> <!-- verify_YesRadioButtonIsDeselected_byDefault -->
</testsuite> <!-- testNG_Assignment.Assig1Q1 -->
